<?xml version="1.0" encoding="UTF-8"?>
<testng-results ignored="0" total="1" passed="1" failed="0" skipped="0">
  <reporter-output>
  </reporter-output>
  <suite started-at="2024-09-25T16:46:11 IST" name="Default suite" finished-at="2024-09-25T16:46:25 IST" duration-ms="13830">
    <groups>
    </groups>
    <test started-at="2024-09-25T16:46:11 IST" name="Default test" finished-at="2024-09-25T16:46:25 IST" duration-ms="13830">
      <class name="testcases.TC_003_CreateAccountPage">
        <test-method is-config="true" signature="preCondition()[pri:0, instance:testcases.TC_003_CreateAccountPage@741a8937]" started-at="2024-09-25T16:46:11 IST" name="preCondition" finished-at="2024-09-25T16:46:20 IST" duration-ms="8494" status="PASS">
          <reporter-output>
          </reporter-output>
        </test-method> <!-- preCondition -->
        <test-method signature="runCreateAccount()[pri:0, instance:testcases.TC_003_CreateAccountPage@741a8937]" started-at="2024-09-25T16:46:20 IST" name="runCreateAccount" finished-at="2024-09-25T16:46:25 IST" duration-ms="5050" status="PASS">
          <reporter-output>
          </reporter-output>
        </test-method> <!-- runCreateAccount -->
        <test-method is-config="true" signature="postCondition()[pri:0, instance:testcases.TC_003_CreateAccountPage@741a8937]" started-at="2024-09-25T16:46:25 IST" name="postCondition" finished-at="2024-09-25T16:46:25 IST" duration-ms="227" status="PASS">
          <reporter-output>
          </reporter-output>
        </test-method> <!-- postCondition -->
      </class> <!-- testcases.TC_003_CreateAccountPage -->
    </test> <!-- Default test -->
  </suite> <!-- Default suite -->
</testng-results>
